Start testing: Aug 09 21:10 RTZ 2 ()
----------------------------------------------------------
1/2 Testing: HelloTest.BasicAssertions
1/2 Test: HelloTest.BasicAssertions
Command: "G:/projects/cplus/LIBRARY/cmake_gtest/build/Debug/hello_test.exe" "--gtest_filter=HelloTest.BasicAssertions" "--gtest_also_run_disabled_tests"
Directory: G:/projects/cplus/LIBRARY/cmake_gtest/build
"HelloTest.BasicAssertions" start time: Aug 09 21:10 RTZ 2 ()
Output:
----------------------------------------------------------
Running main() from G:\projects\cplus\LIBRARY\cmake_gtest\build\_deps\googletest-src\googletest\src\gtest_main.cc
Note: Google Test filter = HelloTest.BasicAssertions
[==========] Running 1 test from 1 test suite.
[----------] Global test environment set-up.
[----------] 1 test from HelloTest
[ RUN      ] HelloTest.BasicAssertions
[       OK ] HelloTest.BasicAssertions (0 ms)
[----------] 1 test from HelloTest (0 ms total)

[----------] Global test environment tear-down
[==========] 1 test from 1 test suite ran. (0 ms total)
[  PASSED  ] 1 test.
<end of output>
Test time =   0.01 sec
----------------------------------------------------------
Test Passed.
"HelloTest.BasicAssertions" end time: Aug 09 21:10 RTZ 2 ()
"HelloTest.BasicAssertions" time elapsed: 00:00:00
----------------------------------------------------------

2/2 Testing: SecondTest.BasicAssertions
2/2 Test: SecondTest.BasicAssertions
Command: "G:/projects/cplus/LIBRARY/cmake_gtest/build/Debug/hello_test.exe" "--gtest_filter=SecondTest.BasicAssertions" "--gtest_also_run_disabled_tests"
Directory: G:/projects/cplus/LIBRARY/cmake_gtest/build
"SecondTest.BasicAssertions" start time: Aug 09 21:10 RTZ 2 ()
Output:
----------------------------------------------------------
Running main() from G:\projects\cplus\LIBRARY\cmake_gtest\build\_deps\googletest-src\googletest\src\gtest_main.cc
Note: Google Test filter = SecondTest.BasicAssertions
[==========] Running 1 test from 1 test suite.
[----------] Global test environment set-up.
[----------] 1 test from SecondTest
[ RUN      ] SecondTest.BasicAssertions
G:\projects\cplus\LIBRARY\cmake_gtest\testing.cpp(13): error: Expected equality of these values:
  7 * 8
    Which is: 56
  42
[  FAILED  ] SecondTest.BasicAssertions (0 ms)
[----------] 1 test from SecondTest (0 ms total)

[----------] Global test environment tear-down
[==========] 1 test from 1 test suite ran. (0 ms total)
[  PASSED  ] 0 tests.
[  FAILED  ] 1 test, listed below:
[  FAILED  ] SecondTest.BasicAssertions

 1 FAILED TEST
<end of output>
Test time =   0.01 sec
----------------------------------------------------------
Test Failed.
"SecondTest.BasicAssertions" end time: Aug 09 21:10 RTZ 2 ()
"SecondTest.BasicAssertions" time elapsed: 00:00:00
----------------------------------------------------------

End testing: Aug 09 21:10 RTZ 2 ()
