Start testing: Aug 09 21:19 RTZ 2 (çèìà)
----------------------------------------------------------
1/2 Testing: HelloTest.BasicAssertions
1/2 Test: HelloTest.BasicAssertions
Command: "G:/projects/cplus/LIBRARY/cmake_gtest/build/Debug/hello_test.exe" "--gtest_filter=HelloTest.BasicAssertions" "--gtest_also_run_disabled_tests"
Directory: G:/projects/cplus/LIBRARY/cmake_gtest/build
"HelloTest.BasicAssertions" start time: Aug 09 21:19 RTZ 2 (çèìà)
Output:
----------------------------------------------------------
Running main() from G:\projects\cplus\LIBRARY\cmake_gtest\build\_deps\googletest-src\googletest\src\gtest_main.cc
Note: Google Test filter = HelloTest.BasicAssertions
[==========] Running 1 test from 1 test suite.
[----------] Global test environment set-up.
[----------] 1 test from HelloTest
[ RUN      ] HelloTest.BasicAssertions
[       OK ] HelloTest.BasicAssertions (0 ms)
[----------] 1 test from HelloTest (0 ms total)

[----------] Global test environment tear-down
[==========] 1 test from 1 test suite ran. (0 ms total)
[  PASSED  ] 1 test.
<end of output>
Test time =   0.01 sec
----------------------------------------------------------
Test Passed.
"HelloTest.BasicAssertions" end time: Aug 09 21:19 RTZ 2 (çèìà)
"HelloTest.BasicAssertions" time elapsed: 00:00:00
----------------------------------------------------------

End testing: Aug 09 21:19 RTZ 2 (çèìà)
