<?xml version="1.0" encoding="UTF-8"?>
<Site BuildName="Win32-MSBuild"
	BuildStamp="20230812-1443-Experimental"
	Name="PokOS"
	Generator="ctest-3.27.0"
	CompilerName="G:/programs/visTudio/VC/Tools/MSVC/14.36.32532/bin/Hostx64/x64/cl.exe"
	CompilerVersion="19.36.32537.0"
	OSName="Windows"
	Hostname="PokOS"
	OSRelease=" Professional"
	OSVersion=" (Build 22000)"
	OSPlatform="AMD64"
	Is64Bits="1"
	VendorString="AuthenticAMD"
	VendorID="Advanced Micro Devices"
	FamilyID="15"
	ModelID="1"
	ProcessorCacheSize="64"
	NumberOfLogicalCPU="24"
	NumberOfPhysicalCPU="12"
	TotalVirtualMemory="37575"
	TotalPhysicalMemory="32711"
	LogicalProcessorsPerPhysical="2"
	ProcessorClockFrequency="3792"
	>
	<Testing>
		<StartDateTime>Aug 12 19:03 RTZ 2 ([NON-UTF-8-BYTE-0xE7][NON-UTF-8-BYTE-0xE8][NON-UTF-8-BYTE-0xEC][NON-UTF-8-BYTE-0xE0])</StartDateTime>
		<StartTestTime>1691856221</StartTestTime>
		<TestList>
			<Test>./scoringWordFirst.BasicAssertions</Test>
		</TestList>
		<Test Status="passed">
			<Name>scoringWordFirst.BasicAssertions</Name>
			<Path>.</Path>
			<FullName>./scoringWordFirst.BasicAssertions</FullName>
			<FullCommandLine>G:\projects\cplus\LIBRARY\cmake_gtest\build\Debug\hello_test.exe "--gtest_filter=scoringWordFirst.BasicAssertions" "--gtest_also_run_disabled_tests"</FullCommandLine>
			<Results>
				<NamedMeasurement type="numeric/double" name="Execution Time">
					<Value>0.0108844</Value>
				</NamedMeasurement>
				<NamedMeasurement type="numeric/double" name="Processors">
					<Value>1</Value>
				</NamedMeasurement>
				<NamedMeasurement type="text/string" name="Completion Status">
					<Value>Completed</Value>
				</NamedMeasurement>
				<NamedMeasurement type="text/string" name="Command Line">
					<Value>G:\projects\cplus\LIBRARY\cmake_gtest\build\Debug\hello_test.exe "--gtest_filter=scoringWordFirst.BasicAssertions" "--gtest_also_run_disabled_tests"</Value>
				</NamedMeasurement>
				<NamedMeasurement type="text/string" name="Environment">
					<Value>#CTEST_RESOURCE_GROUP_COUNT=</Value>
				</NamedMeasurement>
				<Measurement>
					<Value encoding="base64" compression="gzip">eJyNkE1rwzAMhu/+FTo2h4TtWughZVsYG91IN8aoQ3AdNXhz7GAp299fPkppC4PoJFmvpUdv3jlnXA2NMm4RwSH4BrKlbIP/Qs0kdWs7ks+P6zzNP6Vu1DeWNSOx3HfGVrKssCVZe19bHJ5jCvqslGM5ZOWwIdFabDzjErJRAm99Bw7GMgZYAWkfepgPH6oHE4iTtSKjUyIMbLwjsVudooD8iH4LPE4Z0I85dYYxEbv4FAVk1u+VnfrofkzwrkHXa5Hjrr0Sn8+8phI7yN83MEYxg3lSwsvTDDUsbqChaD7M9AHYs7KRmHcxowpx5X/dpZ//+QhBueRyT3/Ta7rd3t8NDkzaRPwBRWfDpw==</Value>
				</Measurement>
			</Results>
		</Test>
		<EndDateTime>Aug 12 19:03 RTZ 2 ([NON-UTF-8-BYTE-0xE7][NON-UTF-8-BYTE-0xE8][NON-UTF-8-BYTE-0xEC][NON-UTF-8-BYTE-0xE0])</EndDateTime>
		<EndTestTime>1691856221</EndTestTime>
		<ElapsedMinutes>0</ElapsedMinutes>
	</Testing>
</Site>
