<?xml version="1.0" encoding="UTF-8"?>
<Site BuildName="Win32-MSBuild"
	BuildStamp="20230809-1743-Experimental"
	Name="PokOS"
	Generator="ctest-3.27.0"
	CompilerName="G:/programs/visTudio/VC/Tools/MSVC/14.36.32532/bin/Hostx64/x64/cl.exe"
	CompilerVersion="19.36.32537.0"
	OSName="Windows"
	Hostname="PokOS"
	OSRelease=" Professional"
	OSVersion=" (Build 22000)"
	OSPlatform="AMD64"
	Is64Bits="1"
	VendorString="AuthenticAMD"
	VendorID="Advanced Micro Devices"
	FamilyID="15"
	ModelID="1"
	ProcessorCacheSize="64"
	NumberOfLogicalCPU="24"
	NumberOfPhysicalCPU="12"
	TotalVirtualMemory="37575"
	TotalPhysicalMemory="32711"
	LogicalProcessorsPerPhysical="2"
	ProcessorClockFrequency="3792"
	>
	<Testing>
		<StartDateTime>Aug 09 21:19 RTZ 2 ([NON-UTF-8-BYTE-0xE7][NON-UTF-8-BYTE-0xE8][NON-UTF-8-BYTE-0xEC][NON-UTF-8-BYTE-0xE0])</StartDateTime>
		<StartTestTime>1691605187</StartTestTime>
		<TestList>
			<Test>./HelloTest.BasicAssertions</Test>
		</TestList>
		<Test Status="passed">
			<Name>HelloTest.BasicAssertions</Name>
			<Path>.</Path>
			<FullName>./HelloTest.BasicAssertions</FullName>
			<FullCommandLine>G:\projects\cplus\LIBRARY\cmake_gtest\build\Debug\hello_test.exe "--gtest_filter=HelloTest.BasicAssertions" "--gtest_also_run_disabled_tests"</FullCommandLine>
			<Results>
				<NamedMeasurement type="numeric/double" name="Execution Time">
					<Value>0.0090315</Value>
				</NamedMeasurement>
				<NamedMeasurement type="numeric/double" name="Processors">
					<Value>1</Value>
				</NamedMeasurement>
				<NamedMeasurement type="text/string" name="Completion Status">
					<Value>Completed</Value>
				</NamedMeasurement>
				<NamedMeasurement type="text/string" name="Command Line">
					<Value>G:\projects\cplus\LIBRARY\cmake_gtest\build\Debug\hello_test.exe "--gtest_filter=HelloTest.BasicAssertions" "--gtest_also_run_disabled_tests"</Value>
				</NamedMeasurement>
				<NamedMeasurement type="text/string" name="Environment">
					<Value>#CTEST_RESOURCE_GROUP_COUNT=</Value>
				</NamedMeasurement>
				<Measurement>
					<Value encoding="base64" compression="gzip">eJyNkE1PwzAMhu/5FT6uh1ZwnbRDJ1BBTAN1cEBNVWWpV2WkSZW48Pdp2qnakJjmkz+e5H3tvDdGmQZaocwigoOzLWRL3jl7REmey073nm+e13maf3LZii+sGkJPfN8rXfOqxs7zxtpGY2jH3smzko9lyKqgkEjJtpZwCdmIwPswgYPShA5W8IRa29BK1sIrmXqPjpQ1nhWrOUrIT57vgcbnwfMp970iTFgRz1FCpu1e6GmO5ls5a1o0A4sU990f+PzP2Q4rIP/YwhjlNZcTAq8v1zBY3EHroxt0JxLIktARu20rQuHi2v6Yy5v9dytwwiSXOsMWb+lu9/gQlp3YhP0CO1u0jg==</Value>
				</Measurement>
			</Results>
		</Test>
		<EndDateTime>Aug 09 21:19 RTZ 2 ([NON-UTF-8-BYTE-0xE7][NON-UTF-8-BYTE-0xE8][NON-UTF-8-BYTE-0xEC][NON-UTF-8-BYTE-0xE0])</EndDateTime>
		<EndTestTime>1691605187</EndTestTime>
		<ElapsedMinutes>0</ElapsedMinutes>
	</Testing>
</Site>
